2018-11-07 00:10:03,628 DEBUG    root            Loaded Command Group: [u'gcloud', u'components']
2018-11-07 00:10:03,635 DEBUG    root            Loaded Command Group: [u'gcloud', u'components', u'update']
2018-11-07 00:10:03,638 DEBUG    root            Running [gcloud.components.update] with arguments: [--allow-no-backup: "True", --quiet: "True", COMPONENT-IDS:5: "[u'core', u'gcloud-deps', u'bq', u'gcloud', u'gsutil']"]
2018-11-07 00:10:04,155 INFO     ___FILE_ONLY___ 

2018-11-07 00:10:04,156 INFO     ___FILE_ONLY___ 
Your current Cloud SDK version is: 224.0.0

2018-11-07 00:10:04,157 INFO     ___FILE_ONLY___ Installing components from version: 224.0.0

2018-11-07 00:10:04,157 INFO     ___FILE_ONLY___ 

2018-11-07 00:10:04,167 INFO     ___FILE_ONLY___ +----------------------------------------------------------------------------+
2018-11-07 00:10:04,168 INFO     ___FILE_ONLY___ 

2018-11-07 00:10:04,168 INFO     ___FILE_ONLY___ |                    These components will be installed.                     |
2018-11-07 00:10:04,168 INFO     ___FILE_ONLY___ 

2018-11-07 00:10:04,168 INFO     ___FILE_ONLY___ +-----------------------------------------------------+------------+---------+
2018-11-07 00:10:04,168 INFO     ___FILE_ONLY___ 

2018-11-07 00:10:04,168 INFO     ___FILE_ONLY___ |                         Name                        |  Version   |   Size  |
2018-11-07 00:10:04,169 INFO     ___FILE_ONLY___ 

2018-11-07 00:10:04,169 INFO     ___FILE_ONLY___ +-----------------------------------------------------+------------+---------+
2018-11-07 00:10:04,169 INFO     ___FILE_ONLY___ 

2018-11-07 00:10:04,169 INFO     ___FILE_ONLY___ | 
2018-11-07 00:10:04,169 INFO     ___FILE_ONLY___ BigQuery Command Line Tool                         
2018-11-07 00:10:04,170 INFO     ___FILE_ONLY___  
2018-11-07 00:10:04,170 INFO     ___FILE_ONLY___ | 
2018-11-07 00:10:04,170 INFO     ___FILE_ONLY___     2.0.36
2018-11-07 00:10:04,170 INFO     ___FILE_ONLY___  
2018-11-07 00:10:04,170 INFO     ___FILE_ONLY___ | 
2018-11-07 00:10:04,171 INFO     ___FILE_ONLY___ < 1 MiB
2018-11-07 00:10:04,171 INFO     ___FILE_ONLY___  
2018-11-07 00:10:04,171 INFO     ___FILE_ONLY___ |
2018-11-07 00:10:04,171 INFO     ___FILE_ONLY___ 

2018-11-07 00:10:04,172 INFO     ___FILE_ONLY___ | 
2018-11-07 00:10:04,172 INFO     ___FILE_ONLY___ BigQuery Command Line Tool (Platform Specific)     
2018-11-07 00:10:04,172 INFO     ___FILE_ONLY___  
2018-11-07 00:10:04,172 INFO     ___FILE_ONLY___ | 
2018-11-07 00:10:04,172 INFO     ___FILE_ONLY___     2.0.34
2018-11-07 00:10:04,173 INFO     ___FILE_ONLY___  
2018-11-07 00:10:04,173 INFO     ___FILE_ONLY___ | 
2018-11-07 00:10:04,173 INFO     ___FILE_ONLY___ < 1 MiB
2018-11-07 00:10:04,173 INFO     ___FILE_ONLY___  
2018-11-07 00:10:04,173 INFO     ___FILE_ONLY___ |
2018-11-07 00:10:04,174 INFO     ___FILE_ONLY___ 

2018-11-07 00:10:04,174 INFO     ___FILE_ONLY___ | 
2018-11-07 00:10:04,174 INFO     ___FILE_ONLY___ Cloud SDK Core Libraries (Platform Specific)       
2018-11-07 00:10:04,174 INFO     ___FILE_ONLY___  
2018-11-07 00:10:04,174 INFO     ___FILE_ONLY___ | 
2018-11-07 00:10:04,175 INFO     ___FILE_ONLY___ 2018.09.24
2018-11-07 00:10:04,175 INFO     ___FILE_ONLY___  
2018-11-07 00:10:04,176 INFO     ___FILE_ONLY___ | 
2018-11-07 00:10:04,176 INFO     ___FILE_ONLY___ < 1 MiB
2018-11-07 00:10:04,178 INFO     ___FILE_ONLY___  
2018-11-07 00:10:04,179 INFO     ___FILE_ONLY___ |
2018-11-07 00:10:04,180 INFO     ___FILE_ONLY___ 

2018-11-07 00:10:04,180 INFO     ___FILE_ONLY___ | 
2018-11-07 00:10:04,180 INFO     ___FILE_ONLY___ Cloud Storage Command Line Tool                    
2018-11-07 00:10:04,181 INFO     ___FILE_ONLY___  
2018-11-07 00:10:04,181 INFO     ___FILE_ONLY___ | 
2018-11-07 00:10:04,181 INFO     ___FILE_ONLY___       4.34
2018-11-07 00:10:04,182 INFO     ___FILE_ONLY___  
2018-11-07 00:10:04,182 INFO     ___FILE_ONLY___ | 
2018-11-07 00:10:04,182 INFO     ___FILE_ONLY___ 3.5 MiB
2018-11-07 00:10:04,182 INFO     ___FILE_ONLY___  
2018-11-07 00:10:04,182 INFO     ___FILE_ONLY___ |
2018-11-07 00:10:04,183 INFO     ___FILE_ONLY___ 

2018-11-07 00:10:04,183 INFO     ___FILE_ONLY___ | 
2018-11-07 00:10:04,183 INFO     ___FILE_ONLY___ Cloud Storage Command Line Tool (Platform Specific)
2018-11-07 00:10:04,183 INFO     ___FILE_ONLY___  
2018-11-07 00:10:04,183 INFO     ___FILE_ONLY___ | 
2018-11-07 00:10:04,184 INFO     ___FILE_ONLY___       4.34
2018-11-07 00:10:04,184 INFO     ___FILE_ONLY___  
2018-11-07 00:10:04,184 INFO     ___FILE_ONLY___ | 
2018-11-07 00:10:04,184 INFO     ___FILE_ONLY___ < 1 MiB
2018-11-07 00:10:04,184 INFO     ___FILE_ONLY___  
2018-11-07 00:10:04,185 INFO     ___FILE_ONLY___ |
2018-11-07 00:10:04,185 INFO     ___FILE_ONLY___ 

2018-11-07 00:10:04,185 INFO     ___FILE_ONLY___ | 
2018-11-07 00:10:04,186 INFO     ___FILE_ONLY___ Default set of gcloud commands                     
2018-11-07 00:10:04,186 INFO     ___FILE_ONLY___  
2018-11-07 00:10:04,186 INFO     ___FILE_ONLY___ | 
2018-11-07 00:10:04,187 INFO     ___FILE_ONLY___           
2018-11-07 00:10:04,187 INFO     ___FILE_ONLY___  
2018-11-07 00:10:04,187 INFO     ___FILE_ONLY___ | 
2018-11-07 00:10:04,187 INFO     ___FILE_ONLY___        
2018-11-07 00:10:04,187 INFO     ___FILE_ONLY___  
2018-11-07 00:10:04,188 INFO     ___FILE_ONLY___ |
2018-11-07 00:10:04,188 INFO     ___FILE_ONLY___ 

2018-11-07 00:10:04,188 INFO     ___FILE_ONLY___ | 
2018-11-07 00:10:04,188 INFO     ___FILE_ONLY___ gcloud cli dependencies                            
2018-11-07 00:10:04,188 INFO     ___FILE_ONLY___  
2018-11-07 00:10:04,189 INFO     ___FILE_ONLY___ | 
2018-11-07 00:10:04,189 INFO     ___FILE_ONLY___ 2018.08.03
2018-11-07 00:10:04,189 INFO     ___FILE_ONLY___  
2018-11-07 00:10:04,189 INFO     ___FILE_ONLY___ | 
2018-11-07 00:10:04,189 INFO     ___FILE_ONLY___ 1.5 MiB
2018-11-07 00:10:04,189 INFO     ___FILE_ONLY___  
2018-11-07 00:10:04,189 INFO     ___FILE_ONLY___ |
2018-11-07 00:10:04,190 INFO     ___FILE_ONLY___ 

2018-11-07 00:10:04,190 INFO     ___FILE_ONLY___ +-----------------------------------------------------+------------+---------+
2018-11-07 00:10:04,190 INFO     ___FILE_ONLY___ 

2018-11-07 00:10:04,190 INFO     ___FILE_ONLY___ 

2018-11-07 00:10:04,540 INFO     ___FILE_ONLY___ For the latest full release notes, please visit:
  https://cloud.google.com/sdk/release_notes


2018-11-07 00:10:04,541 INFO     ___FILE_ONLY___ #============================================================#

2018-11-07 00:10:04,542 INFO     ___FILE_ONLY___ #= Creating update staging area                             =#

2018-11-07 00:10:04,542 INFO     ___FILE_ONLY___ #
2018-11-07 00:10:04,542 INFO     ___FILE_ONLY___ ======
2018-11-07 00:10:04,542 INFO     ___FILE_ONLY___ ======
2018-11-07 00:10:04,543 INFO     ___FILE_ONLY___ ======
2018-11-07 00:10:04,806 INFO     ___FILE_ONLY___ =
2018-11-07 00:10:04,949 INFO     ___FILE_ONLY___ =
2018-11-07 00:10:05,392 INFO     ___FILE_ONLY___ =
2018-11-07 00:10:05,700 INFO     ___FILE_ONLY___ =
2018-11-07 00:10:05,988 INFO     ___FILE_ONLY___ =
2018-11-07 00:10:06,167 INFO     ___FILE_ONLY___ =
2018-11-07 00:10:06,364 INFO     ___FILE_ONLY___ =
2018-11-07 00:10:06,543 INFO     ___FILE_ONLY___ =
2018-11-07 00:10:06,798 INFO     ___FILE_ONLY___ =
2018-11-07 00:10:07,178 INFO     ___FILE_ONLY___ =
2018-11-07 00:10:07,506 INFO     ___FILE_ONLY___ =
2018-11-07 00:10:07,865 INFO     ___FILE_ONLY___ =
2018-11-07 00:10:08,102 INFO     ___FILE_ONLY___ =
2018-11-07 00:10:08,343 INFO     ___FILE_ONLY___ =
2018-11-07 00:10:08,739 INFO     ___FILE_ONLY___ =
2018-11-07 00:10:09,167 INFO     ___FILE_ONLY___ =
2018-11-07 00:10:09,372 INFO     ___FILE_ONLY___ =
2018-11-07 00:10:09,789 INFO     ___FILE_ONLY___ =
2018-11-07 00:10:10,161 INFO     ___FILE_ONLY___ =
2018-11-07 00:10:10,495 INFO     ___FILE_ONLY___ =
2018-11-07 00:10:10,754 INFO     ___FILE_ONLY___ =
2018-11-07 00:10:11,216 INFO     ___FILE_ONLY___ =
2018-11-07 00:10:11,532 INFO     ___FILE_ONLY___ =
2018-11-07 00:10:11,942 INFO     ___FILE_ONLY___ =
2018-11-07 00:10:12,219 INFO     ___FILE_ONLY___ =
2018-11-07 00:10:12,604 INFO     ___FILE_ONLY___ =
2018-11-07 00:10:13,034 INFO     ___FILE_ONLY___ =
2018-11-07 00:10:13,365 INFO     ___FILE_ONLY___ =
2018-11-07 00:10:13,840 INFO     ___FILE_ONLY___ =
2018-11-07 00:10:14,222 INFO     ___FILE_ONLY___ =
2018-11-07 00:10:14,823 INFO     ___FILE_ONLY___ =
2018-11-07 00:10:15,402 INFO     ___FILE_ONLY___ =
2018-11-07 00:10:15,772 INFO     ___FILE_ONLY___ =
2018-11-07 00:10:16,096 INFO     ___FILE_ONLY___ =
2018-11-07 00:10:16,480 INFO     ___FILE_ONLY___ =
2018-11-07 00:10:16,863 INFO     ___FILE_ONLY___ =
2018-11-07 00:10:17,385 INFO     ___FILE_ONLY___ =
2018-11-07 00:10:18,293 INFO     ___FILE_ONLY___ =
2018-11-07 00:10:19,149 INFO     ___FILE_ONLY___ =
2018-11-07 00:10:19,626 INFO     ___FILE_ONLY___ =
2018-11-07 00:10:20,109 INFO     ___FILE_ONLY___ =
2018-11-07 00:10:21,155 INFO     ___FILE_ONLY___ =
2018-11-07 00:10:21,163 INFO     ___FILE_ONLY___ #

2018-11-07 00:10:21,171 INFO     ___FILE_ONLY___ #= Installing: BigQuery Command Line Tool                   =#

2018-11-07 00:10:21,172 INFO     ___FILE_ONLY___ #
2018-11-07 00:10:21,418 INFO     ___FILE_ONLY___ =
2018-11-07 00:10:21,434 INFO     ___FILE_ONLY___ =
2018-11-07 00:10:21,445 INFO     ___FILE_ONLY___ =
2018-11-07 00:10:21,454 INFO     ___FILE_ONLY___ =
2018-11-07 00:10:21,462 INFO     ___FILE_ONLY___ =
2018-11-07 00:10:21,480 INFO     ___FILE_ONLY___ =
2018-11-07 00:10:21,485 INFO     ___FILE_ONLY___ =
2018-11-07 00:10:21,486 INFO     ___FILE_ONLY___ =
2018-11-07 00:10:21,487 INFO     ___FILE_ONLY___ =
2018-11-07 00:10:21,502 INFO     ___FILE_ONLY___ =
2018-11-07 00:10:21,506 INFO     ___FILE_ONLY___ =
2018-11-07 00:10:21,514 INFO     ___FILE_ONLY___ =
2018-11-07 00:10:21,516 INFO     ___FILE_ONLY___ =
2018-11-07 00:10:21,527 INFO     ___FILE_ONLY___ =
2018-11-07 00:10:21,530 INFO     ___FILE_ONLY___ =
2018-11-07 00:10:21,531 INFO     ___FILE_ONLY___ =
2018-11-07 00:10:21,532 INFO     ___FILE_ONLY___ =
2018-11-07 00:10:21,540 INFO     ___FILE_ONLY___ =
2018-11-07 00:10:21,546 INFO     ___FILE_ONLY___ =
2018-11-07 00:10:21,547 INFO     ___FILE_ONLY___ =
2018-11-07 00:10:21,549 INFO     ___FILE_ONLY___ =
2018-11-07 00:10:21,550 INFO     ___FILE_ONLY___ =
2018-11-07 00:10:21,553 INFO     ___FILE_ONLY___ =
2018-11-07 00:10:21,560 INFO     ___FILE_ONLY___ =
2018-11-07 00:10:21,567 INFO     ___FILE_ONLY___ =
2018-11-07 00:10:21,570 INFO     ___FILE_ONLY___ =
2018-11-07 00:10:21,571 INFO     ___FILE_ONLY___ =
2018-11-07 00:10:21,574 INFO     ___FILE_ONLY___ =
2018-11-07 00:10:21,580 INFO     ___FILE_ONLY___ =
2018-11-07 00:10:21,583 INFO     ___FILE_ONLY___ =
2018-11-07 00:10:21,634 INFO     ___FILE_ONLY___ =
2018-11-07 00:10:21,638 INFO     ___FILE_ONLY___ =
2018-11-07 00:10:21,646 INFO     ___FILE_ONLY___ =
2018-11-07 00:10:21,650 INFO     ___FILE_ONLY___ =
2018-11-07 00:10:21,653 INFO     ___FILE_ONLY___ =
2018-11-07 00:10:21,659 INFO     ___FILE_ONLY___ =
2018-11-07 00:10:21,664 INFO     ___FILE_ONLY___ =
2018-11-07 00:10:21,672 INFO     ___FILE_ONLY___ =
2018-11-07 00:10:21,683 INFO     ___FILE_ONLY___ =
2018-11-07 00:10:21,692 INFO     ___FILE_ONLY___ =
2018-11-07 00:10:21,697 INFO     ___FILE_ONLY___ =
2018-11-07 00:10:21,701 INFO     ___FILE_ONLY___ =
2018-11-07 00:10:21,704 INFO     ___FILE_ONLY___ =
2018-11-07 00:10:21,712 INFO     ___FILE_ONLY___ =
2018-11-07 00:10:21,716 INFO     ___FILE_ONLY___ =
2018-11-07 00:10:21,719 INFO     ___FILE_ONLY___ =
2018-11-07 00:10:21,722 INFO     ___FILE_ONLY___ =
2018-11-07 00:10:21,728 INFO     ___FILE_ONLY___ =
2018-11-07 00:10:21,732 INFO     ___FILE_ONLY___ =
2018-11-07 00:10:21,736 INFO     ___FILE_ONLY___ =
2018-11-07 00:10:21,740 INFO     ___FILE_ONLY___ =
2018-11-07 00:10:21,748 INFO     ___FILE_ONLY___ =
2018-11-07 00:10:21,753 INFO     ___FILE_ONLY___ =
2018-11-07 00:10:21,761 INFO     ___FILE_ONLY___ =
2018-11-07 00:10:21,764 INFO     ___FILE_ONLY___ =
2018-11-07 00:10:21,768 INFO     ___FILE_ONLY___ =
2018-11-07 00:10:21,772 INFO     ___FILE_ONLY___ =
2018-11-07 00:10:21,779 INFO     ___FILE_ONLY___ =
2018-11-07 00:10:21,783 INFO     ___FILE_ONLY___ =
2018-11-07 00:10:21,793 INFO     ___FILE_ONLY___ =
2018-11-07 00:10:21,793 INFO     ___FILE_ONLY___ #

2018-11-07 00:10:21,799 INFO     ___FILE_ONLY___ #= Installing: BigQuery Command Line Tool (Platform Spec... =#

2018-11-07 00:10:21,800 INFO     ___FILE_ONLY___ #
2018-11-07 00:10:21,982 INFO     ___FILE_ONLY___ ==============================
2018-11-07 00:10:21,985 INFO     ___FILE_ONLY___ ===============
2018-11-07 00:10:21,987 INFO     ___FILE_ONLY___ ===============
2018-11-07 00:10:21,988 INFO     ___FILE_ONLY___ #

2018-11-07 00:10:21,993 INFO     ___FILE_ONLY___ #= Installing: Cloud SDK Core Libraries (Platform Specific) =#

2018-11-07 00:10:21,993 INFO     ___FILE_ONLY___ #
2018-11-07 00:10:22,193 INFO     ___FILE_ONLY___ ==============================
2018-11-07 00:10:22,197 INFO     ___FILE_ONLY___ ==========
2018-11-07 00:10:22,198 INFO     ___FILE_ONLY___ =========
2018-11-07 00:10:22,199 INFO     ___FILE_ONLY___ ===========
2018-11-07 00:10:22,199 INFO     ___FILE_ONLY___ #

2018-11-07 00:10:22,204 INFO     ___FILE_ONLY___ #= Installing: Cloud Storage Command Line Tool              =#

2018-11-07 00:10:22,204 INFO     ___FILE_ONLY___ #
2018-11-07 00:10:22,654 INFO     ___FILE_ONLY___ =
2018-11-07 00:10:22,720 INFO     ___FILE_ONLY___ =
2018-11-07 00:10:22,759 INFO     ___FILE_ONLY___ =
2018-11-07 00:10:22,783 INFO     ___FILE_ONLY___ =
2018-11-07 00:10:22,807 INFO     ___FILE_ONLY___ =
2018-11-07 00:10:22,822 INFO     ___FILE_ONLY___ =
2018-11-07 00:10:22,840 INFO     ___FILE_ONLY___ =
2018-11-07 00:10:22,871 INFO     ___FILE_ONLY___ =
2018-11-07 00:10:22,889 INFO     ___FILE_ONLY___ =
2018-11-07 00:10:22,961 INFO     ___FILE_ONLY___ =
2018-11-07 00:10:22,962 INFO     ___FILE_ONLY___ =
2018-11-07 00:10:22,963 INFO     ___FILE_ONLY___ =
2018-11-07 00:10:22,964 INFO     ___FILE_ONLY___ =
2018-11-07 00:10:23,000 INFO     ___FILE_ONLY___ =
2018-11-07 00:10:23,013 INFO     ___FILE_ONLY___ =
2018-11-07 00:10:23,029 INFO     ___FILE_ONLY___ =
2018-11-07 00:10:23,049 INFO     ___FILE_ONLY___ =
2018-11-07 00:10:23,064 INFO     ___FILE_ONLY___ =
2018-11-07 00:10:23,085 INFO     ___FILE_ONLY___ =
2018-11-07 00:10:23,100 INFO     ___FILE_ONLY___ =
2018-11-07 00:10:23,117 INFO     ___FILE_ONLY___ =
2018-11-07 00:10:23,135 INFO     ___FILE_ONLY___ =
2018-11-07 00:10:23,149 INFO     ___FILE_ONLY___ =
2018-11-07 00:10:23,163 INFO     ___FILE_ONLY___ =
2018-11-07 00:10:23,177 INFO     ___FILE_ONLY___ =
2018-11-07 00:10:23,193 INFO     ___FILE_ONLY___ =
2018-11-07 00:10:23,209 INFO     ___FILE_ONLY___ =
2018-11-07 00:10:23,222 INFO     ___FILE_ONLY___ =
2018-11-07 00:10:23,261 INFO     ___FILE_ONLY___ =
2018-11-07 00:10:23,277 INFO     ___FILE_ONLY___ =
2018-11-07 00:10:23,595 INFO     ___FILE_ONLY___ =
2018-11-07 00:10:23,667 INFO     ___FILE_ONLY___ =
2018-11-07 00:10:23,722 INFO     ___FILE_ONLY___ =
2018-11-07 00:10:23,765 INFO     ___FILE_ONLY___ =
2018-11-07 00:10:23,800 INFO     ___FILE_ONLY___ =
2018-11-07 00:10:23,829 INFO     ___FILE_ONLY___ =
2018-11-07 00:10:23,855 INFO     ___FILE_ONLY___ =
2018-11-07 00:10:23,888 INFO     ___FILE_ONLY___ =
2018-11-07 00:10:23,939 INFO     ___FILE_ONLY___ =
2018-11-07 00:10:23,977 INFO     ___FILE_ONLY___ =
2018-11-07 00:10:24,014 INFO     ___FILE_ONLY___ =
2018-11-07 00:10:24,043 INFO     ___FILE_ONLY___ =
2018-11-07 00:10:24,072 INFO     ___FILE_ONLY___ =
2018-11-07 00:10:24,101 INFO     ___FILE_ONLY___ =
2018-11-07 00:10:24,130 INFO     ___FILE_ONLY___ =
2018-11-07 00:10:24,160 INFO     ___FILE_ONLY___ =
2018-11-07 00:10:24,191 INFO     ___FILE_ONLY___ =
2018-11-07 00:10:24,220 INFO     ___FILE_ONLY___ =
2018-11-07 00:10:24,258 INFO     ___FILE_ONLY___ =
2018-11-07 00:10:24,294 INFO     ___FILE_ONLY___ =
2018-11-07 00:10:24,342 INFO     ___FILE_ONLY___ =
2018-11-07 00:10:24,398 INFO     ___FILE_ONLY___ =
2018-11-07 00:10:24,437 INFO     ___FILE_ONLY___ =
2018-11-07 00:10:24,470 INFO     ___FILE_ONLY___ =
2018-11-07 00:10:24,510 INFO     ___FILE_ONLY___ =
2018-11-07 00:10:24,544 INFO     ___FILE_ONLY___ =
2018-11-07 00:10:24,581 INFO     ___FILE_ONLY___ =
2018-11-07 00:10:24,613 INFO     ___FILE_ONLY___ =
2018-11-07 00:10:24,658 INFO     ___FILE_ONLY___ =
2018-11-07 00:10:24,696 INFO     ___FILE_ONLY___ =
2018-11-07 00:10:24,696 INFO     ___FILE_ONLY___ #

2018-11-07 00:10:24,740 INFO     ___FILE_ONLY___ #= Installing: Cloud Storage Command Line Tool (Platform... =#

2018-11-07 00:10:24,740 INFO     ___FILE_ONLY___ #
2018-11-07 00:10:25,010 INFO     ___FILE_ONLY___ ==============================
2018-11-07 00:10:25,013 INFO     ___FILE_ONLY___ ===============
2018-11-07 00:10:25,014 INFO     ___FILE_ONLY___ ===============
2018-11-07 00:10:25,014 INFO     ___FILE_ONLY___ #

2018-11-07 00:10:25,019 INFO     ___FILE_ONLY___ #= Installing: Default set of gcloud commands               =#

2018-11-07 00:10:25,019 INFO     ___FILE_ONLY___ #
2018-11-07 00:10:25,022 INFO     ___FILE_ONLY___ ============================================================
2018-11-07 00:10:25,022 INFO     ___FILE_ONLY___ #

2018-11-07 00:10:25,023 INFO     ___FILE_ONLY___ #= Installing: gcloud cli dependencies                      =#

2018-11-07 00:10:25,023 INFO     ___FILE_ONLY___ #
2018-11-07 00:10:25,360 INFO     ___FILE_ONLY___ =
2018-11-07 00:10:25,384 INFO     ___FILE_ONLY___ =
2018-11-07 00:10:25,398 INFO     ___FILE_ONLY___ =
2018-11-07 00:10:25,415 INFO     ___FILE_ONLY___ =
2018-11-07 00:10:25,426 INFO     ___FILE_ONLY___ =
2018-11-07 00:10:25,445 INFO     ___FILE_ONLY___ =
2018-11-07 00:10:25,452 INFO     ___FILE_ONLY___ =
2018-11-07 00:10:25,459 INFO     ___FILE_ONLY___ =
2018-11-07 00:10:25,467 INFO     ___FILE_ONLY___ =
2018-11-07 00:10:25,487 INFO     ___FILE_ONLY___ =
2018-11-07 00:10:25,491 INFO     ___FILE_ONLY___ =
2018-11-07 00:10:25,503 INFO     ___FILE_ONLY___ =
2018-11-07 00:10:25,507 INFO     ___FILE_ONLY___ =
2018-11-07 00:10:25,512 INFO     ___FILE_ONLY___ =
2018-11-07 00:10:25,523 INFO     ___FILE_ONLY___ =
2018-11-07 00:10:25,525 INFO     ___FILE_ONLY___ =
2018-11-07 00:10:25,531 INFO     ___FILE_ONLY___ =
2018-11-07 00:10:25,538 INFO     ___FILE_ONLY___ =
2018-11-07 00:10:25,540 INFO     ___FILE_ONLY___ =
2018-11-07 00:10:25,548 INFO     ___FILE_ONLY___ =
2018-11-07 00:10:25,550 INFO     ___FILE_ONLY___ =
2018-11-07 00:10:25,559 INFO     ___FILE_ONLY___ =
2018-11-07 00:10:25,562 INFO     ___FILE_ONLY___ =
2018-11-07 00:10:25,566 INFO     ___FILE_ONLY___ =
2018-11-07 00:10:25,569 INFO     ___FILE_ONLY___ =
2018-11-07 00:10:25,578 INFO     ___FILE_ONLY___ =
2018-11-07 00:10:25,590 INFO     ___FILE_ONLY___ =
2018-11-07 00:10:25,591 INFO     ___FILE_ONLY___ =
2018-11-07 00:10:25,595 INFO     ___FILE_ONLY___ =
2018-11-07 00:10:25,604 INFO     ___FILE_ONLY___ =
2018-11-07 00:10:25,657 INFO     ___FILE_ONLY___ =
2018-11-07 00:10:25,658 INFO     ___FILE_ONLY___ =
2018-11-07 00:10:25,658 INFO     ___FILE_ONLY___ =
2018-11-07 00:10:25,660 INFO     ___FILE_ONLY___ =
2018-11-07 00:10:25,660 INFO     ___FILE_ONLY___ =
2018-11-07 00:10:25,662 INFO     ___FILE_ONLY___ =
2018-11-07 00:10:25,663 INFO     ___FILE_ONLY___ =
2018-11-07 00:10:25,663 INFO     ___FILE_ONLY___ =
2018-11-07 00:10:25,665 INFO     ___FILE_ONLY___ =
2018-11-07 00:10:25,667 INFO     ___FILE_ONLY___ =
2018-11-07 00:10:25,669 INFO     ___FILE_ONLY___ =
2018-11-07 00:10:25,670 INFO     ___FILE_ONLY___ =
2018-11-07 00:10:25,671 INFO     ___FILE_ONLY___ =
2018-11-07 00:10:25,672 INFO     ___FILE_ONLY___ =
2018-11-07 00:10:25,672 INFO     ___FILE_ONLY___ =
2018-11-07 00:10:25,674 INFO     ___FILE_ONLY___ =
2018-11-07 00:10:25,674 INFO     ___FILE_ONLY___ =
2018-11-07 00:10:25,676 INFO     ___FILE_ONLY___ =
2018-11-07 00:10:25,677 INFO     ___FILE_ONLY___ =
2018-11-07 00:10:25,678 INFO     ___FILE_ONLY___ =
2018-11-07 00:10:25,679 INFO     ___FILE_ONLY___ =
2018-11-07 00:10:25,681 INFO     ___FILE_ONLY___ =
2018-11-07 00:10:25,683 INFO     ___FILE_ONLY___ =
2018-11-07 00:10:25,684 INFO     ___FILE_ONLY___ =
2018-11-07 00:10:25,739 INFO     ___FILE_ONLY___ =
2018-11-07 00:10:25,740 INFO     ___FILE_ONLY___ =
2018-11-07 00:10:25,746 INFO     ___FILE_ONLY___ =
2018-11-07 00:10:25,748 INFO     ___FILE_ONLY___ =
2018-11-07 00:10:25,755 INFO     ___FILE_ONLY___ =
2018-11-07 00:10:25,755 INFO     ___FILE_ONLY___ =
2018-11-07 00:10:25,756 INFO     ___FILE_ONLY___ #

2018-11-07 00:10:25,762 INFO     ___FILE_ONLY___ #= Creating backup and activating new installation          =#

2018-11-07 00:10:25,762 INFO     ___FILE_ONLY___ #
2018-11-07 00:10:25,763 DEBUG    root            Attempting to move directory [/usr/local/Caskroom/google-cloud-sdk/latest/google-cloud-sdk] to [/usr/local/Caskroom/google-cloud-sdk/latest/google-cloud-sdk.staging/.install/.backup]
2018-11-07 00:10:25,763 INFO     ___FILE_ONLY___ ==============================
2018-11-07 00:10:25,763 DEBUG    root            Attempting to move directory [/usr/local/Caskroom/google-cloud-sdk/latest/google-cloud-sdk.staging] to [/usr/local/Caskroom/google-cloud-sdk/latest/google-cloud-sdk]
2018-11-07 00:10:25,764 INFO     ___FILE_ONLY___ ==============================
2018-11-07 00:10:25,764 INFO     ___FILE_ONLY___ #

2018-11-07 00:10:25,776 DEBUG    root            Updating notification cache...
2018-11-07 00:10:25,777 INFO     ___FILE_ONLY___ 

2018-11-07 00:10:25,777 INFO     ___FILE_ONLY___ Performing post processing steps...
2018-11-07 00:10:25,778 DEBUG    root            Executing command: ['/usr/local/Cellar/python@2/2.7.15_1/Frameworks/Python.framework/Versions/2.7/Resources/Python.app/Contents/MacOS/Python', u'-S', u'/usr/local/Caskroom/google-cloud-sdk/latest/google-cloud-sdk/lib/gcloud.py', u'components', u'post-process']
2018-11-07 00:10:55,645 DEBUG    ___FILE_ONLY___ 
2018-11-07 00:10:55,650 DEBUG    ___FILE_ONLY___ 
2018-11-07 00:10:55,855 INFO     ___FILE_ONLY___ 
Update done!


2018-11-07 00:10:55,926 INFO     root            Display format: "none"
